
Power Net Detected:
        Voltage	    Name
             0V	    VSS
          1.62V	    VDD
Using Power View: av_ss.
AAE_INFO: opIsDesignInPostRouteState() is 1
AAE_INFO: resetNetProps viewIdx 0 
Starting SI iteration 1 using Infinite Timing Windows
#################################################################################
# Design Stage: PostRoute
# Design Name: clk_divider_v2
# Design Mode: 180nm
# Analysis Mode: MMMC OCV 
# Parasitics Mode: SPEF/RCDB 
# Signoff Settings: SI On 
#################################################################################
AAE_INFO: 1 threads acquired from CTE.
Start delay calculation (fullDC) (1 T). (MEM=1773.59)
Total number of fetched objects 52
AAE_INFO: Total number of nets for which stage creation was skipped for all views 0
AAE_INFO-618: Total number of nets in the design is 54,  100.0 percent of the nets selected for SI analysis
End delay calculation. (MEM=1791.73 CPU=0:00:00.0 REAL=0:00:00.0)
End delay calculation (fullDC). (MEM=1791.73 CPU=0:00:00.0 REAL=0:00:00.0)
Loading CTE timing window with TwFlowType 0...(CPU = 0:00:00.0, REAL = 0:00:00.0, MEM = 1791.7M)
Add other clocks and setupCteToAAEClockMapping during iter 1
Loading CTE timing window is completed (CPU = 0:00:00.0, REAL = 0:00:00.0, MEM = 1791.7M)
Starting SI iteration 2
Start delay calculation (fullDC) (1 T). (MEM=1759.85)
Glitch Analysis: View av_ss -- Total Number of Nets Skipped = 0. 
Glitch Analysis: View av_ss -- Total Number of Nets Analyzed = 52. 
Total number of fetched objects 52
AAE_INFO: Total number of nets for which stage creation was skipped for all views 0
AAE_INFO-618: Total number of nets in the design is 54,  1.9 percent of the nets selected for SI analysis
End delay calculation. (MEM=1805.55 CPU=0:00:00.0 REAL=0:00:00.0)
End delay calculation (fullDC). (MEM=1805.55 CPU=0:00:00.0 REAL=0:00:00.0)
Load RC corner of view av_ss

Begin Power Analysis

             0V	    VSS
          1.62V	    VDD

Begin Processing Timing Library for Power Calculation

Begin Processing Timing Library for Power Calculation



Begin Processing Power Net/Grid for Power Calculation

Ended Processing Power Net/Grid for Power Calculation: (cpu=0:00:00, real=0:00:00, mem(process/total/peak)=1646.07MB/3143.23MB/1706.34MB)

Begin Processing Timing Window Data for Power Calculation

clk_50m(50MHz) CK: assigning clock clk_50m to net clk_50m
Ended Processing Timing Window Data for Power Calculation: (cpu=0:00:00, real=0:00:00, mem(process/total/peak)=1646.07MB/3143.23MB/1706.34MB)

Begin Processing User Attributes

Ended Processing User Attributes: (cpu=0:00:00, real=0:00:00, mem(process/total/peak)=1646.07MB/3143.23MB/1706.34MB)

Begin Processing Signal Activity


Starting Levelizing
2026-May-14 06:55:10 (2026-May-14 01:25:10 GMT)
2026-May-14 06:55:10 (2026-May-14 01:25:10 GMT): 10%
2026-May-14 06:55:10 (2026-May-14 01:25:10 GMT): 20%
2026-May-14 06:55:10 (2026-May-14 01:25:10 GMT): 30%
2026-May-14 06:55:10 (2026-May-14 01:25:10 GMT): 40%
2026-May-14 06:55:10 (2026-May-14 01:25:10 GMT): 50%
2026-May-14 06:55:10 (2026-May-14 01:25:10 GMT): 60%
2026-May-14 06:55:10 (2026-May-14 01:25:10 GMT): 70%
2026-May-14 06:55:10 (2026-May-14 01:25:10 GMT): 80%
2026-May-14 06:55:10 (2026-May-14 01:25:10 GMT): 90%

Finished Levelizing
2026-May-14 06:55:10 (2026-May-14 01:25:10 GMT)

Starting Activity Propagation
2026-May-14 06:55:10 (2026-May-14 01:25:10 GMT)
** INFO:  (VOLTUS_POWR-1356): No default input activity has been set. Defaulting to 0.2.
Use 'set_default_switching_activity -input_activity' command to change the default activity value.

2026-May-14 06:55:10 (2026-May-14 01:25:10 GMT): 10%
2026-May-14 06:55:10 (2026-May-14 01:25:10 GMT): 20%

Finished Activity Propagation
2026-May-14 06:55:10 (2026-May-14 01:25:10 GMT)
Ended Processing Signal Activity: (cpu=0:00:00, real=0:00:00, mem(process/total/peak)=1646.07MB/3143.23MB/1706.34MB)

Begin Power Computation

      ----------------------------------------------------------
      # of cell(s) missing both power/leakage table: 0
      # of cell(s) missing power table: 0
      # of cell(s) missing leakage table: 0
      ----------------------------------------------------------



Starting Calculating power
2026-May-14 06:55:10 (2026-May-14 01:25:10 GMT)
 ... Calculating switching power
2026-May-14 06:55:10 (2026-May-14 01:25:10 GMT): 10%
2026-May-14 06:55:10 (2026-May-14 01:25:10 GMT): 20%
2026-May-14 06:55:10 (2026-May-14 01:25:10 GMT): 30%
2026-May-14 06:55:10 (2026-May-14 01:25:10 GMT): 40%
2026-May-14 06:55:10 (2026-May-14 01:25:10 GMT): 50%
 ... Calculating internal and leakage power
2026-May-14 06:55:10 (2026-May-14 01:25:10 GMT): 60%
2026-May-14 06:55:10 (2026-May-14 01:25:10 GMT): 70%
2026-May-14 06:55:10 (2026-May-14 01:25:10 GMT): 80%
2026-May-14 06:55:10 (2026-May-14 01:25:10 GMT): 90%

Finished Calculating power
2026-May-14 06:55:10 (2026-May-14 01:25:10 GMT)
      # of MSMV cell(s) missing power_level: 0
Ended Power Computation: (cpu=0:00:00, real=0:00:00, mem(process/total/peak)=1647.67MB/3151.23MB/1706.34MB)

Begin Processing User Attributes

Ended Processing User Attributes: (cpu=0:00:00, real=0:00:00, mem(process/total/peak)=1647.67MB/3151.23MB/1706.34MB)

Ended Power Analysis: (cpu=0:00:00, real=0:00:00, mem(process/total/peak)=1647.67MB/3151.23MB/1706.34MB)

Begin Boundary Leakage Calculation
Ended Boundary Leakage Calculation: (cpu=0:00:00, real=0:00:00,
mem(process/total/peak)=1647.67MB/3151.23MB/1706.34MB)
Begin Static Power Report Generation
*----------------------------------------------------------------------------------------
*	Innovus 21.15-s110_1 (64bit) 09/23/2022 13:08 (Linux 3.10.0-693.el7.x86_64)
*	
*
* 	Date & Time:	2026-May-14 06:55:10 (2026-May-14 01:25:10 GMT)
*
*----------------------------------------------------------------------------------------
*
*	Design: clk_divider_v2
*
*	Liberty Libraries used:
*	        av_ss: /home/cmos/fifo/scl180/stdcell/fs120/4M1IL/liberty/lib_flow_ss/tsl18fs120_scl_ss.lib
*
*	Parasitic Files used:
*
*       Power View : av_ss
*
*       User-Defined Activity : N.A.
*
*       Activity File: N.A.
*
*       Hierarchical Global Activity: N.A.
*
*       Global Activity: N.A.
*
*       Sequential Element Activity: 0.200000
*
*       Primary Input Activity: 0.200000
*
*       Default icg ratio: N.A.
*
*       Global Comb ClockGate Ratio: N.A.
*
*	Power Units = 1mW
*
*	Time Units = 1e-09 secs
*
*       report_power
*
-----------------------------------------------------------------------------------------
*



Total Power
-----------------------------------------------------------------------------------------
Total Internal Power:        0.05989902 	   88.9124%
Total Switching Power:       0.00744107 	   11.0453%
Total Leakage Power:         0.00002848 	    0.0423%
Total Power:                 0.06736856
-----------------------------------------------------------------------------------------


Group                           Internal   Switching     Leakage       Total  Percentage 
                                Power      Power         Power         Power  (%)        
-----------------------------------------------------------------------------------------
Sequential                       0.05493     0.00513   1.481e-05     0.06007       89.17
Macro                                  0           0           0           0           0
IO                                     0           0           0           0           0
Physical-Only                          0           0   3.918e-06   3.918e-06    0.005816
Combinational                    0.00497    0.002311   9.747e-06     0.00729       10.82
Clock (Combinational)                  0           0           0           0           0
Clock (Sequential)                     0           0           0           0           0
-----------------------------------------------------------------------------------------
Total                             0.0599    0.007441   2.848e-05     0.06737         100
-----------------------------------------------------------------------------------------


Rail                  Voltage   Internal   Switching     Leakage       Total  Percentage 
                                Power      Power         Power         Power  (%)        
-----------------------------------------------------------------------------------------
VDD                      1.62     0.0599    0.007441   2.848e-05     0.06737         100
 
 
-----------------------------------------------------------------------------------------
*	Power Distribution Summary: 
*              Highest Average Power:            rst_n_sync_reg (dfcrq1):         0.004372
*              Highest Leakage Power:               cnt_reg[12] (dfcrq1):        8.731e-07
*                Total Cap:      7.29511e-13 F
*                Total instances in design:    45
*                Total instances in design with no power:     0
*                Total instances in design with no activty:     0

*                Total Fillers and Decap:     2
-----------------------------------------------------------------------------------------
 
** INFO:  (VOLTUS_POWR-3465): There are 0 decaps and 0 fillers in the design

Ended Static Power Report Generation: (cpu=0:00:00, real=0:00:00,
mem(process/total/peak)=1647.67MB/3151.23MB/1706.34MB)

