###############################################################
#  Generated by:      Cadence Innovus 21.15-s110_1
#  OS:                Linux x86_64(Host ID pescad-12.pes.edu)
#  Generated on:      Thu May 14 06:55:10 2026
#  Design:            clk_divider_v2
#  Command:           report_timing -early                           > $RPT/clk_div_v2_pnr_timing_hold.rpt
###############################################################
Path 1: MET Hold Check with Pin cnt_reg[0]/CP 
Endpoint:   cnt_reg[0]/D  (v) checked with  leading edge of 'clk_50m'
Beginpoint: cnt_reg[0]/QN (v) triggered by  leading edge of 'clk_50m'
Path Groups: {clk_50m}
Analysis View: av_ff
Other End Arrival Time         -0.000
+ Hold                         -0.006
+ Phase Shift                   0.000
+ Uncertainty                   0.100
= Required Time                 0.093
  Arrival Time                  0.146
  Slack Time                    0.053
     Clock Rise Edge                 0.000
     + Clock Network Latency (Prop)  -0.000
     = Beginpoint Arrival Time       -0.000
     +-----------------------------------------------------------------+ 
     |  Instance  |     Arc      |  Cell  | Delay | Arrival | Required | 
     |            |              |        |       |  Time   |   Time   | 
     |------------+--------------+--------+-------+---------+----------| 
     | cnt_reg[0] | CP ^         |        |       |  -0.000 |   -0.053 | 
     | cnt_reg[0] | CP ^ -> QN v | dfcrb1 | 0.146 |   0.146 |    0.093 | 
     | cnt_reg[0] | D v          | dfcrb1 | 0.000 |   0.146 |    0.093 | 
     +-----------------------------------------------------------------+ 

