###############################################################
#  Generated by:      Cadence Innovus 21.15-s110_1
#  OS:                Linux x86_64(Host ID pescad-12.pes.edu)
#  Generated on:      Thu May 14 06:55:10 2026
#  Design:            clk_divider_v2
#  Command:           report_timing                                  > $RPT/clk_div_v2_pnr_timing_setup.rpt
###############################################################
Path 1: MET Setup Check with Pin cnt_reg[12]/CP 
Endpoint:   cnt_reg[12]/D (^) checked with  leading edge of 'clk_50m'
Beginpoint: cnt_reg[0]/Q  (v) triggered by  leading edge of 'clk_50m'
Path Groups: {clk_50m}
Analysis View: av_ss
Other End Arrival Time         -0.000
- Setup                         0.228
+ Phase Shift                  20.000
- Uncertainty                   0.500
= Required Time                19.272
- Arrival Time                  3.963
= Slack Time                   15.308
     Clock Rise Edge                 0.000
     + Clock Network Latency (Prop)  -0.000
     = Beginpoint Arrival Time       -0.000
     +--------------------------------------------------------------------+ 
     |  Instance   |     Arc      |   Cell   | Delay | Arrival | Required | 
     |             |              |          |       |  Time   |   Time   | 
     |-------------+--------------+----------+-------+---------+----------| 
     | cnt_reg[0]  | CP ^         |          |       |  -0.000 |   15.308 | 
     | cnt_reg[0]  | CP ^ -> Q v  | dfcrb1   | 0.618 |   0.618 |   15.926 | 
     | g801__9945  | B v -> CO v  | ah01d1   | 0.345 |   0.963 |   16.271 | 
     | g798__6161  | A v -> CO v  | ah01d1   | 0.347 |   1.310 |   16.618 | 
     | g797__7482  | A1 v -> Z v  | an02d1   | 0.235 |   1.544 |   16.852 | 
     | g787__1881  | A v -> CO v  | ah01d1   | 0.310 |   1.854 |   17.162 | 
     | g784__8246  | A v -> CO v  | ah01d1   | 0.309 |   2.163 |   17.471 | 
     | g782__5122  | A v -> CO v  | ah01d1   | 0.319 |   2.481 |   17.790 | 
     | g781__1705  | A1 v -> Z v  | an02d1   | 0.233 |   2.715 |   18.023 | 
     | g778__2802  | A1 v -> Z v  | an02d1   | 0.229 |   2.944 |   18.252 | 
     | g775__3680  | A1 v -> Z v  | an02d1   | 0.220 |   3.164 |   18.472 | 
     | g771__8428  | A v -> CO v  | ah01d1   | 0.328 |   3.492 |   18.800 | 
     | g770__4319  | A1 v -> ZN ^ | nd02d1   | 0.157 |   3.649 |   18.957 | 
     | g767__5107  | A1 ^ -> ZN v | nd02d1   | 0.102 |   3.751 |   19.059 | 
     | g765__2398  | B v -> ZN ^  | oan211d1 | 0.212 |   3.963 |   19.271 | 
     | cnt_reg[12] | D ^          | dfcrq1   | 0.000 |   3.963 |   19.272 | 
     +--------------------------------------------------------------------+ 

