###############################################################
#  Generated by:      Cadence Innovus 21.15-s110_1
#  OS:                Linux x86_64(Host ID pescad-12.pes.edu)
#  Generated on:      Thu May 14 06:55:10 2026
#  Design:            clk_divider_v2
#  Command:           verify_connectivity -report /home/cmos/projects/tdi1k_repo/reports/clk_div_v2_pnr_conn.rpt
###############################################################
Verify Connectivity Report is created on Thu May 14 06:55:10 2026



Net VDD: has special routes with opens at (5.040, 5.040) (56.000, 7.110)
Net VDD: has special routes with opens at (5.040, 14.170) (56.000, 18.310)
Net VDD: has special routes with opens at (5.040, 25.370) (56.000, 28.900)
Net VDD: has special routes with opens at (5.040, 36.570) (56.000, 40.150)
Net VDD: has special routes with opens at (5.040, 47.770) (56.000, 51.910)
Net VSS: has special routes with opens at (0.060, 0.340) (56.000, 24.860)
Net VSS: has special routes with opens at (5.040, 11.900) (56.000, 54.260)
Net VSS: has special routes with opens at (5.040, 45.420) (56.000, 55.440)

Begin Summary
    8 Problem(s) (IMPVFC-200): Special Wires: Pieces of the net are not connected together.
    8 total info(s) created.
End Summary
