
Power Net Detected:
        Voltage	    Name
             0V	    VSS
          1.62V	    VDD
Using Power View: av_ss.
AAE_INFO: opIsDesignInPostRouteState() is 1
AAE_INFO: resetNetProps viewIdx 0 
Starting SI iteration 1 using Infinite Timing Windows
#################################################################################
# Design Stage: PostRoute
# Design Name: row_sequencer_v2
# Design Mode: 180nm
# Analysis Mode: MMMC OCV 
# Parasitics Mode: SPEF/RCDB 
# Signoff Settings: SI On 
#################################################################################
AAE_INFO: 1 threads acquired from CTE.
Start delay calculation (fullDC) (1 T). (MEM=1820.52)
Total number of fetched objects 865
AAE_INFO: Total number of nets for which stage creation was skipped for all views 0
AAE_INFO-618: Total number of nets in the design is 867,  100.0 percent of the nets selected for SI analysis
End delay calculation. (MEM=1834.66 CPU=0:00:00.2 REAL=0:00:00.0)
End delay calculation (fullDC). (MEM=1834.66 CPU=0:00:00.3 REAL=0:00:00.0)
Loading CTE timing window with TwFlowType 0...(CPU = 0:00:00.0, REAL = 0:00:00.0, MEM = 1834.7M)
Add other clocks and setupCteToAAEClockMapping during iter 1
Loading CTE timing window is completed (CPU = 0:00:00.0, REAL = 0:00:00.0, MEM = 1834.7M)
Starting SI iteration 2
Start delay calculation (fullDC) (1 T). (MEM=1802.77)
Glitch Analysis: View av_ss -- Total Number of Nets Skipped = 0. 
Glitch Analysis: View av_ss -- Total Number of Nets Analyzed = 865. 
Total number of fetched objects 865
AAE_INFO: Total number of nets for which stage creation was skipped for all views 0
AAE_INFO-618: Total number of nets in the design is 867,  0.5 percent of the nets selected for SI analysis
End delay calculation. (MEM=1849.48 CPU=0:00:00.0 REAL=0:00:00.0)
End delay calculation (fullDC). (MEM=1849.48 CPU=0:00:00.0 REAL=0:00:00.0)
Load RC corner of view av_ss

Begin Power Analysis

             0V	    VSS
          1.62V	    VDD

Begin Processing Timing Library for Power Calculation

Begin Processing Timing Library for Power Calculation



Begin Processing Power Net/Grid for Power Calculation

Ended Processing Power Net/Grid for Power Calculation: (cpu=0:00:00, real=0:00:00, mem(process/total/peak)=1677.88MB/3187.49MB/1701.77MB)

Begin Processing Timing Window Data for Power Calculation

clk(50MHz) CK: assigning clock clk to net clk
Ended Processing Timing Window Data for Power Calculation: (cpu=0:00:00, real=0:00:00, mem(process/total/peak)=1677.88MB/3187.49MB/1701.77MB)

Begin Processing User Attributes

Ended Processing User Attributes: (cpu=0:00:00, real=0:00:00, mem(process/total/peak)=1677.88MB/3187.49MB/1701.77MB)

Begin Processing Signal Activity


Starting Levelizing
2026-May-14 06:53:42 (2026-May-14 01:23:42 GMT)
2026-May-14 06:53:42 (2026-May-14 01:23:42 GMT): 10%
2026-May-14 06:53:42 (2026-May-14 01:23:42 GMT): 20%
2026-May-14 06:53:42 (2026-May-14 01:23:42 GMT): 30%
2026-May-14 06:53:42 (2026-May-14 01:23:42 GMT): 40%
2026-May-14 06:53:42 (2026-May-14 01:23:42 GMT): 50%
2026-May-14 06:53:42 (2026-May-14 01:23:42 GMT): 60%
2026-May-14 06:53:42 (2026-May-14 01:23:42 GMT): 70%
2026-May-14 06:53:42 (2026-May-14 01:23:42 GMT): 80%
2026-May-14 06:53:42 (2026-May-14 01:23:42 GMT): 90%

Finished Levelizing
2026-May-14 06:53:42 (2026-May-14 01:23:42 GMT)

Starting Activity Propagation
2026-May-14 06:53:42 (2026-May-14 01:23:42 GMT)
** INFO:  (VOLTUS_POWR-1356): No default input activity has been set. Defaulting to 0.2.
Use 'set_default_switching_activity -input_activity' command to change the default activity value.

2026-May-14 06:53:43 (2026-May-14 01:23:43 GMT): 10%
2026-May-14 06:53:43 (2026-May-14 01:23:43 GMT): 20%

Finished Activity Propagation
2026-May-14 06:53:43 (2026-May-14 01:23:43 GMT)
Ended Processing Signal Activity: (cpu=0:00:00, real=0:00:00, mem(process/total/peak)=1677.88MB/3187.49MB/1701.77MB)

Begin Power Computation

      ----------------------------------------------------------
      # of cell(s) missing both power/leakage table: 0
      # of cell(s) missing power table: 0
      # of cell(s) missing leakage table: 0
      ----------------------------------------------------------



Starting Calculating power
2026-May-14 06:53:43 (2026-May-14 01:23:43 GMT)
 ... Calculating switching power
2026-May-14 06:53:43 (2026-May-14 01:23:43 GMT): 10%
2026-May-14 06:53:43 (2026-May-14 01:23:43 GMT): 20%
2026-May-14 06:53:43 (2026-May-14 01:23:43 GMT): 30%
2026-May-14 06:53:43 (2026-May-14 01:23:43 GMT): 40%
2026-May-14 06:53:43 (2026-May-14 01:23:43 GMT): 50%
 ... Calculating internal and leakage power
2026-May-14 06:53:43 (2026-May-14 01:23:43 GMT): 60%
2026-May-14 06:53:43 (2026-May-14 01:23:43 GMT): 70%
2026-May-14 06:53:43 (2026-May-14 01:23:43 GMT): 80%
2026-May-14 06:53:43 (2026-May-14 01:23:43 GMT): 90%

Finished Calculating power
2026-May-14 06:53:43 (2026-May-14 01:23:43 GMT)
      # of MSMV cell(s) missing power_level: 0
Ended Power Computation: (cpu=0:00:00, real=0:00:00, mem(process/total/peak)=1679.54MB/3195.50MB/1701.77MB)

Begin Processing User Attributes

Ended Processing User Attributes: (cpu=0:00:00, real=0:00:00, mem(process/total/peak)=1679.54MB/3195.50MB/1701.77MB)

Ended Power Analysis: (cpu=0:00:00, real=0:00:00, mem(process/total/peak)=1679.54MB/3195.50MB/1701.77MB)

Begin Boundary Leakage Calculation
Ended Boundary Leakage Calculation: (cpu=0:00:00, real=0:00:00,
mem(process/total/peak)=1679.54MB/3195.50MB/1701.77MB)
Begin Static Power Report Generation
*----------------------------------------------------------------------------------------
*	Innovus 21.15-s110_1 (64bit) 09/23/2022 13:08 (Linux 3.10.0-693.el7.x86_64)
*	
*
* 	Date & Time:	2026-May-14 06:53:43 (2026-May-14 01:23:43 GMT)
*
*----------------------------------------------------------------------------------------
*
*	Design: row_sequencer_v2
*
*	Liberty Libraries used:
*	        av_ss: /home/cmos/fifo/scl180/stdcell/fs120/4M1IL/liberty/lib_flow_ss/tsl18fs120_scl_ss.lib
*
*	Parasitic Files used:
*
*       Power View : av_ss
*
*       User-Defined Activity : N.A.
*
*       Activity File: N.A.
*
*       Hierarchical Global Activity: N.A.
*
*       Global Activity: N.A.
*
*       Sequential Element Activity: 0.200000
*
*       Primary Input Activity: 0.200000
*
*       Default icg ratio: N.A.
*
*       Global Comb ClockGate Ratio: N.A.
*
*	Power Units = 1mW
*
*	Time Units = 1e-09 secs
*
*       report_power
*
-----------------------------------------------------------------------------------------
*



Total Power
-----------------------------------------------------------------------------------------
Total Internal Power:        0.72845918 	   57.5485%
Total Switching Power:       0.53699085 	   42.4225%
Total Leakage Power:         0.00036745 	    0.0290%
Total Power:                 1.26581747
-----------------------------------------------------------------------------------------


Group                           Internal   Switching     Leakage       Total  Percentage 
                                Power      Power         Power         Power  (%)        
-----------------------------------------------------------------------------------------
Sequential                        0.6352      0.2568   0.0002146      0.8922       70.49
Macro                                  0           0           0           0           0
IO                                     0           0           0           0           0
Combinational                    0.04049      0.1519   0.0001323      0.1925       15.21
Clock (Combinational)            0.05273      0.1283   2.055e-05      0.1811       14.31
Clock (Sequential)                     0           0           0           0           0
-----------------------------------------------------------------------------------------
Total                             0.7285       0.537   0.0003674       1.266         100
-----------------------------------------------------------------------------------------


Rail                  Voltage   Internal   Switching     Leakage       Total  Percentage 
                                Power      Power         Power         Power  (%)        
-----------------------------------------------------------------------------------------
VDD                      1.62     0.7285       0.537   0.0003674       1.266         100


Clock                           Internal   Switching     Leakage       Total  Percentage 
                                Power      Power         Power         Power  (%)        
-----------------------------------------------------------------------------------------
clk                              0.05273      0.1283   2.055e-05      0.1811       14.31
-----------------------------------------------------------------------------------------
Total                            0.05273      0.1283   2.055e-05      0.1811       14.31
-----------------------------------------------------------------------------------------
Clock: clk
Clock Period: 0.020000 usec 
Clock Toggle Rate:   100.0000 Mhz 
Clock Static Probability:  0.5000
  
 
 
-----------------------------------------------------------------------------------------
*	Power Distribution Summary: 
*              Highest Average Power:       CTS_ccl_a_buf_00003 (bufbdf):          0.06263
*              Highest Leakage Power:       CTS_ccl_a_buf_00003 (bufbdf):         6.85e-06
*                Total Cap:      3.72875e-11 F
*                Total instances in design:   860
*                Total instances in design with no power:     0
*                Total instances in design with no activty:     0

*                Total Fillers and Decap:     0
-----------------------------------------------------------------------------------------
 
** INFO:  (VOLTUS_POWR-3465): There are 0 decaps and 0 fillers in the design

Ended Static Power Report Generation: (cpu=0:00:00, real=0:00:00,
mem(process/total/peak)=1680.77MB/3195.50MB/1701.77MB)

