###############################################################
#  Generated by:      Cadence Innovus 21.15-s110_1
#  OS:                Linux x86_64(Host ID pescad-12.pes.edu)
#  Generated on:      Thu May 14 06:53:43 2026
#  Design:            row_sequencer_v2
#  Command:           verify_connectivity -report /home/cmos/projects/tdi1k_repo/reports/row_seq_v2_pnr_conn.rpt
###############################################################
Verify Connectivity Report is created on Thu May 14 06:53:43 2026



Net VDD: has special routes with opens at (5.040, 10.080) (284.480, 12.150)
Net VDD: has special routes with opens at (5.040, 19.210) (284.480, 23.510)
Net VDD: has special routes with opens at (5.040, 30.410) (284.480, 34.710)
Net VDD: has special routes with opens at (5.040, 41.250) (284.480, 46.110)
Net VDD: has special routes with opens at (5.040, 52.330) (284.480, 57.310)
Net VDD: has special routes with opens at (5.040, 63.650) (284.480, 68.510)
Net VDD: has special routes with opens at (5.040, 74.850) (284.480, 79.540)
Net VDD: has special routes with opens at (5.040, 86.220) (284.480, 90.880)
Net VDD: has special routes with opens at (5.040, 97.420) (284.480, 102.110)
Net VDD: has special routes with opens at (5.040, 108.450) (284.480, 113.310)
Net VDD: has special routes with opens at (5.040, 119.650) (284.480, 124.510)
Net VSS: has special routes with opens at (0.060, 0.340) (284.480, 28.940)
Net VSS: has special routes with opens at (2.250, 2.580) (284.480, 17.740)
Net VSS: has special routes with opens at (5.040, 36.020) (284.480, 40.140)
Net VSS: has special routes with opens at (5.040, 47.180) (284.480, 51.380)
Net VSS: has special routes with opens at (5.040, 58.380) (284.480, 62.580)
Net VSS: has special routes with opens at (5.040, 69.580) (284.480, 73.780)
Net VSS: has special routes with opens at (5.040, 80.820) (284.480, 84.980)
Net VSS: has special routes with opens at (5.040, 91.980) (284.480, 96.180)
Net VSS: has special routes with opens at (5.040, 103.180) (284.480, 107.380)
Net VSS: has special routes with opens at (5.040, 114.420) (284.480, 118.540)
Net VSS: has special routes with opens at (5.040, 125.620) (284.480, 127.680)

Begin Summary
    22 Problem(s) (IMPVFC-200): Special Wires: Pieces of the net are not connected together.
    22 total info(s) created.
End Summary
