###############################################################
#  Generated by:      Cadence Innovus 21.15-s110_1
#  OS:                Linux x86_64(Host ID pescad-12.pes.edu)
#  Generated on:      Thu May 14 06:53:41 2026
#  Design:            row_sequencer_v2
#  Command:           report_timing                                 > $RPT/row_seq_v2_pnr_timing_setup.rpt
###############################################################
Path 1: MET Setup Check with Pin TX_reg[30]/CP 
Endpoint:   TX_reg[30]/D      (^) checked with  leading edge of 'clk'
Beginpoint: line_cnt_reg[6]/Q (^) triggered by  leading edge of 'clk'
Path Groups: {clk}
Analysis View: av_ss
Other End Arrival Time          0.007
- Setup                         0.214
+ Phase Shift                  20.000
- Uncertainty                   0.500
= Required Time                19.294
- Arrival Time                  4.300
= Slack Time                   14.993
     Clock Rise Edge                 0.000
     + Clock Network Latency (Prop)  0.013
     = Beginpoint Arrival Time       0.013
     +------------------------------------------------------------------------+ 
     |    Instance     |     Arc      |   Cell   | Delay | Arrival | Required | 
     |                 |              |          |       |  Time   |   Time   | 
     |-----------------+--------------+----------+-------+---------+----------| 
     | line_cnt_reg[6] | CP ^         |          |       |   0.013 |   15.007 | 
     | line_cnt_reg[6] | CP ^ -> Q ^  | dfcrq1   | 0.621 |   0.634 |   15.627 | 
     | g22126          | I ^ -> ZN v  | inv0d0   | 0.189 |   0.824 |   15.817 | 
     | g22113__9315    | A1 v -> ZN ^ | nr02d1   | 0.420 |   1.244 |   16.237 | 
     | g22087__7410    | A1 ^ -> ZN v | nd02d2   | 0.489 |   1.733 |   16.726 | 
     | g22070          | I v -> ZN ^  | inv0d1   | 0.641 |   2.373 |   17.366 | 
     | g22030__6783    | A1 ^ -> ZN v | nd02d1   | 0.468 |   2.842 |   17.835 | 
     | g22010          | I v -> ZN ^  | inv0d0   | 0.747 |   3.588 |   18.582 | 
     | g21859__8428    | A1 ^ -> ZN v | nd02d1   | 0.160 |   3.748 |   18.741 | 
     | g21489__2802    | C1 v -> ZN ^ | aoi211d1 | 0.552 |   4.300 |   19.293 | 
     | TX_reg[30]      | D ^          | dfcrq1   | 0.000 |   4.300 |   19.294 | 
     +------------------------------------------------------------------------+ 

