###############################################################
#  Generated by:      Cadence Innovus 21.15-s110_1
#  OS:                Linux x86_64(Host ID pescad-12.pes.edu)
#  Generated on:      Thu May 14 06:53:41 2026
#  Design:            row_sequencer_v2
#  Command:           report_timing -early                          > $RPT/row_seq_v2_pnr_timing_hold.rpt
###############################################################
Path 1: MET Hold Check with Pin rst_n_s_reg/CP 
Endpoint:   rst_n_s_reg/D  (^) checked with  leading edge of 'clk'
Beginpoint: rst_meta_reg/Q (^) triggered by  leading edge of 'clk'
Path Groups: {clk}
Analysis View: av_ff
Other End Arrival Time          0.002
+ Hold                         -0.021
+ Phase Shift                   0.000
+ Uncertainty                   0.100
= Required Time                 0.081
  Arrival Time                  0.177
  Slack Time                    0.096
     Clock Rise Edge                 0.000
     + Clock Network Latency (Prop)  0.002
     = Beginpoint Arrival Time       0.002
     +------------------------------------------------------------------+ 
     |   Instance   |     Arc     |  Cell  | Delay | Arrival | Required | 
     |              |             |        |       |  Time   |   Time   | 
     |--------------+-------------+--------+-------+---------+----------| 
     | rst_meta_reg | CP ^        |        |       |   0.002 |   -0.094 | 
     | rst_meta_reg | CP ^ -> Q ^ | dfcrq1 | 0.175 |   0.177 |    0.081 | 
     | rst_n_s_reg  | D ^         | dfcrq1 | 0.000 |   0.177 |    0.081 | 
     +------------------------------------------------------------------+ 

