###############################################################
#  Generated by:      Cadence Innovus 21.15-s110_1
#  OS:                Linux x86_64(Host ID pescad-12.pes.edu)
#  Generated on:      Wed Apr 29 13:33:02 2026
#  Design:            clk_divider
#  Command:           report_timing > /home/cmos/projects/tdi1k/reports/clk_div_pnr_timing.rpt
###############################################################
Path 1: MET Setup Check with Pin cnt_reg[12]/CP 
Endpoint:   cnt_reg[12]/D (^) checked with  leading edge of 'clk_50m'
Beginpoint: cnt_reg[0]/Q  (v) triggered by  leading edge of 'clk_50m'
Path Groups: {clk_50m}
Analysis View: av_ss
Other End Arrival Time          0.000
- Setup                         0.229
+ Phase Shift                  20.000
= Required Time                19.771
- Arrival Time                  3.941
= Slack Time                   15.830
     Clock Rise Edge                 0.000
     + Clock Network Latency (Ideal) 0.000
     = Beginpoint Arrival Time       0.000
     +--------------------------------------------------------------------+ 
     |  Instance   |     Arc      |   Cell   | Delay | Arrival | Required | 
     |             |              |          |       |  Time   |   Time   | 
     |-------------+--------------+----------+-------+---------+----------| 
     | cnt_reg[0]  | CP ^         |          |       |   0.000 |   15.830 | 
     | cnt_reg[0]  | CP ^ -> Q v  | dfcrb1   | 0.618 |   0.618 |   16.448 | 
     | g801__9315  | B v -> CO v  | ah01d1   | 0.350 |   0.967 |   16.798 | 
     | g798__4733  | A v -> CO v  | ah01d1   | 0.336 |   1.303 |   17.134 | 
     | g796__7482  | A1 v -> Z v  | an02d1   | 0.228 |   1.531 |   17.361 | 
     | g787__1881  | A v -> CO v  | ah01d1   | 0.309 |   1.839 |   17.670 | 
     | g784__8246  | A v -> CO v  | ah01d1   | 0.309 |   2.148 |   17.979 | 
     | g782__5122  | A v -> CO v  | ah01d1   | 0.318 |   2.467 |   18.297 | 
     | g781__1705  | A1 v -> Z v  | an02d1   | 0.229 |   2.696 |   18.526 | 
     | g778__2802  | A1 v -> Z v  | an02d1   | 0.226 |   2.922 |   18.752 | 
     | g775__3680  | A1 v -> Z v  | an02d1   | 0.223 |   3.144 |   18.975 | 
     | g771__8428  | A v -> CO v  | ah01d1   | 0.321 |   3.466 |   19.296 | 
     | g770__4319  | A1 v -> ZN ^ | nd02d1   | 0.159 |   3.625 |   19.456 | 
     | g767__5107  | A1 ^ -> ZN v | nd02d1   | 0.102 |   3.727 |   19.558 | 
     | g765__2398  | B v -> ZN ^  | oan211d1 | 0.213 |   3.941 |   19.771 | 
     | cnt_reg[12] | D ^          | dfcrq1   | 0.000 |   3.941 |   19.771 | 
     +--------------------------------------------------------------------+ 

