###############################################################
#  Generated by:      Cadence Innovus 21.15-s110_1
#  OS:                Linux x86_64(Host ID pescad-12.pes.edu)
#  Generated on:      Wed Apr 29 13:17:57 2026
#  Design:            row_sequencer
#  Command:           report_timing > /home/cmos/projects/tdi1k/reports/row_seq_pnr_timing.rpt
###############################################################
Path 1: MET Setup Check with Pin line_cnt_reg[10]/CP 
Endpoint:   line_cnt_reg[10]/D (^) checked with  leading edge of 'clk'
Beginpoint: tdi_enable         (v) triggered by  leading edge of 'clk'
Path Groups: {clk}
Analysis View: av_ss
Other End Arrival Time         -0.001
- Setup                         0.110
+ Phase Shift                  20.000
= Required Time                19.889
- Arrival Time                  5.017
= Slack Time                   14.872
     Clock Rise Edge                      0.000
     + Input Delay                        2.000
     = Beginpoint Arrival Time            2.000
     +-----------------------------------------------------------------------+ 
     |     Instance     |     Arc      |  Cell  | Delay | Arrival | Required | 
     |                  |              |        |       |  Time   |   Time   | 
     |------------------+--------------+--------+-------+---------+----------| 
     |                  | tdi_enable v |        |       |   2.000 |   16.872 | 
     | g22133           | I v -> ZN ^  | inv0d2 | 0.700 |   2.700 |   17.571 | 
     | FE_OFC5_n_555    | I ^ -> Z ^   | buffd3 | 0.849 |   3.548 |   18.420 | 
     | g22017__5107     | A1 ^ -> ZN v | nr02d1 | 0.296 |   3.844 |   18.716 | 
     | g21906__6260     | A1 v -> ZN ^ | nd02d1 | 0.313 |   4.158 |   19.029 | 
     | g21835__9945     | A1 ^ -> ZN ^ | nd12d1 | 0.304 |   4.462 |   19.333 | 
     | g21753__5107     | A2 ^ -> ZN v | nr02d1 | 0.154 |   4.616 |   19.488 | 
     | g21550__5526     | S v -> Z ^   | mx02d1 | 0.401 |   5.017 |   19.889 | 
     | line_cnt_reg[10] | D ^          | dfcrb1 | 0.000 |   5.017 |   19.889 | 
     +-----------------------------------------------------------------------+ 

