============================================================
  Generated by:           Genus(TM) Synthesis Solution 21.14-s082_1
  Generated on:           Apr 29 2026  01:21:36 pm
  Module:                 clk_divider
  Operating conditions:   _nominal_ (balanced_tree)
  Wireload mode:          enclosed
  Area mode:              timing library
============================================================


Path 1: MET (16046 ps) Setup Check with Pin cnt_reg[12]/CP->D
          Group: clk_50m
     Startpoint: (R) cnt_reg[0]/CP
          Clock: (R) clk_50m
       Endpoint: (R) cnt_reg[12]/D
          Clock: (R) clk_50m

                     Capture       Launch     
        Clock Edge:+   20000            0     
       Src Latency:+       0            0     
       Net Latency:+       0 (I)        0 (I) 
           Arrival:=   20000            0     
                                              
             Setup:-     214                  
     Required Time:=   19786                  
      Launch Clock:-       0                  
         Data Path:-    3740                  
             Slack:=   16046                  

#----------------------------------------------------------------------------------------
# Timing Point   Flags    Arc   Edge   Cell     Fanout Load Trans Delay Arrival Instance 
#                                                      (fF)  (ps)  (ps)   (ps)  Location 
#----------------------------------------------------------------------------------------
  cnt_reg[0]/CP  -       -      R     (arrival)     15    -     0     0       0    (-,-) 
  cnt_reg[0]/Q   -       CP->Q  F     dfcrb1         1  5.7   100   606     606    (-,-) 
  g801__9315/CO  -       B->CO  F     ah01d1         1  5.7   134   332     938    (-,-) 
  g798__4733/CO  -       A->CO  F     ah01d1         3  8.0   148   317    1255    (-,-) 
  g796__7482/Z   -       A1->Z  F     an02d1         2  9.6   114   214    1470    (-,-) 
  g787__1881/CO  -       A->CO  F     ah01d1         1  5.7   134   301    1771    (-,-) 
  g784__8246/CO  -       A->CO  F     ah01d1         1  5.7   134   306    2077    (-,-) 
  g782__5122/CO  -       A->CO  F     ah01d1         2  6.7   140   311    2387    (-,-) 
  g781__1705/Z   -       A1->Z  F     an02d1         3 10.6   119   216    2604    (-,-) 
  g778__2802/Z   -       A1->Z  F     an02d1         3 10.7   119   211    2815    (-,-) 
  g775__3680/Z   -       A1->Z  F     an02d1         2  9.7   114   208    3023    (-,-) 
  g771__8428/CO  -       A->CO  F     ah01d1         2  7.4   144   310    3333    (-,-) 
  g770__4319/ZN  -       A1->ZN R     nd02d1         3 10.4   225   139    3472    (-,-) 
  g767__5107/ZN  -       A1->ZN F     nd02d1         1  3.6   110    90    3562    (-,-) 
  g765__2398/ZN  -       B->ZN  R     oan211d1       1  2.1   426   178    3740    (-,-) 
  cnt_reg[12]/D  <<<     -      R     dfcrq1         1    -     -     0    3740    (-,-) 
#----------------------------------------------------------------------------------------

