============================================================
  Generated by:           Genus(TM) Synthesis Solution 21.14-s082_1
  Generated on:           Apr 25 2026  12:23:38 pm
  Module:                 row_sequencer
  Operating conditions:   _nominal_ (balanced_tree)
  Wireload mode:          enclosed
  Area mode:              timing library
============================================================


Path 1: MET (15723 ps) Setup Check with Pin line_cnt_reg[10]/CP->D
          Group: clk
     Startpoint: (F) tdi_enable
          Clock: (R) clk
       Endpoint: (R) line_cnt_reg[10]/D
          Clock: (R) clk

                     Capture       Launch     
        Clock Edge:+   20000            0     
        Drv Adjust:+       0            0     
       Src Latency:+       0            0     
       Net Latency:+       0 (I)        0 (I) 
           Arrival:=   20000            0     
                                              
             Setup:-     144                  
     Required Time:=   19856                  
      Launch Clock:-       0                  
       Input Delay:-    2000                  
         Data Path:-    2133                  
             Slack:=   15723                  

Exceptions/Constraints:
  input_delay             2000            in_del_1_1 

#---------------------------------------------------------------------------------------------
#   Timing Point     Flags    Arc   Edge   Cell     Fanout  Load Trans Delay Arrival Instance 
#                                                           (fF)  (ps)  (ps)   (ps)  Location 
#---------------------------------------------------------------------------------------------
  tdi_enable         -       -      F     (arrival)      3  21.4     0     0    2000    (-,-) 
  g22133/ZN          -       I->ZN  R     inv0d4       183 721.5  2131   957    2957    (-,-) 
  g22017__5107/ZN    -       A1->ZN F     nr02d1         4  12.0   429   250    3207    (-,-) 
  g21906__6260/ZN    -       A1->ZN R     nd02d1         4  14.7   306   236    3443    (-,-) 
  g21835__9945/ZN    -       A1->ZN R     nd12d1         4  15.1   245   238    3681    (-,-) 
  g21753__5107/ZN    -       A2->ZN F     nr02d1         3  13.5   193   110    3791    (-,-) 
  g21550__5526/Z     -       S->Z   R     mx02d1         1   2.1    95   342    4133    (-,-) 
  line_cnt_reg[10]/D <<<     -      R     dfcrb1         1     -     -     0    4133    (-,-) 
#---------------------------------------------------------------------------------------------

