apc3d01
apfeed00010
apfeed00040
apfeed00120
apfeed00540
apfeed01000
apfeed02000
apfeed10000
apfeed30000
apfeedendringl
apfeedendringr
apfrelr
apv0a
apv0i
apvda
apvdi
pc3b01
pc3b01d
pc3b01u
pc3b02
pc3b02d
pc3b02u
pc3b03
pc3b03d
pc3b03ed
pc3b03u
pc3b04
pc3b04d
pc3b04u
pc3b05
pc3b05d
pc3b05u
pc3b21eu
pc3b25eu
pc3c01
pc3c02
pc3c03
pc3c04
pc3d00
pc3d01
pc3d01d
pc3d01u
pc3d11
pc3d11d
pc3d11u
pc3d21
pc3d21d
pc3d21eu
pc3d21u
pc3d31
pc3d31d
pc3d31u
pc3o01
pc3o01hv
pc3o02
pc3o03
pc3o04
pc3o05
pc3t01
pc3t01d
pc3t01u
pc3t02
pc3t02d
pc3t02u
pc3t03
pc3t03d
pc3t03u
pc3t04
pc3t04d
pc3t04u
pc3t05
pc3t05d
pc3t05u
pc3x11
pc3x12
pc3x13
pfeed00010
pfeed00040
pfeed00120
pfeed00540
pfeed01000
pfeed02000
pfeed10000
pfeed30000
pfeedendringl
pfeedendringr
pfrelr
pt3b01
pt3b01d
pt3b01u
pt3b02
pt3b02d
pt3b02u
pt3b03
pt3b03d
pt3b03u
pt3o01
pt3o02
pt3o03
pt3t01
pt3t01d
pt3t01u
pt3t02
pt3t02d
pt3t02u
pt3t03
pt3t03d
pt3t03u
pv0a
pv0c
pv0f
pv0i
pvce
pvcf
pvda
pvdc
pvdi
